Build started 2016/4/26 9:51:30.
     1>Project "C:\Users\搞学习\Documents\__Project & Production\Graphics\Project\Project4CG\PathTracing-master\OriginalProject\OriginalProject.vcxproj" on node 2 (Build target(s)).
     1>C:\Program Files (x86)\MSBuild\Microsoft.Cpp\v4.0\V120\Microsoft.CppBuild.targets(363,5): warning MSB8004: Intermediate Directory does not end with a trailing slash.  This build instance will add the slash as it is required to allow proper evaluation of the Intermediate Directory.
     1>ClCompile:
         C:\Program Files (x86)\__my_Programs\Workstations&Tools\VS 2013 pro\VC\bin\CL.exe /c /I.\headers /I".\glm-0.9.4.2" /I.\include /I.\shaders /I.\lib /I"C:\Program Files (x86)\__my_Programs\Workstations&Tools\CodeBlocks\MinGW\include\GL" /Zi /nologo /W3 /WX- /sdl /O2 /Oi /Ot /Oy- /GL /D _MBCS /Gm- /EHsc /MD /GS /Gy /fp:precise /Zc:wchar_t /Zc:forScope /openmp /Fo".\\" /Fd".\vc120.pdb" /Gd /TP /analyze- /errorReport:prompt /D _CRT_SECURE_NO_WARNINGS CookTorrance.cpp FrostedGlass.cpp KDTree.cpp Light.cpp Scene.cpp SceneAccel\bvh.cpp Shapes.cpp SmoothGlass.cpp Specular.cpp Transform.cpp all.cpp diffuse.cpp main.cpp shaders.cpp util\aabb.cpp
         CookTorrance.cpp
     1>c:\users\搞学习\documents\__project & production\graphics\project\project4cg\pathtracing-master\originalproject\Material.h(106): warning C4244: 'argument' : conversion from 'double' to 'float', possible loss of data
     1>c:\users\搞学习\documents\__project & production\graphics\project\project4cg\pathtracing-master\originalproject\headers\util\vec3.hpp(31): warning C4099: 'Vector' : type name first seen using 'class' now seen using 'struct'
                 C:\Users\搞学习\Documents\__Project & Production\Graphics\Project\Project4CG\PathTracing-master\OriginalProject\headers\Shapes.h(21) : see declaration of 'Vector'
     1>c:\users\搞学习\documents\__project & production\graphics\project\project4cg\pathtracing-master\originalproject\headers\util\vec3.hpp(40): warning C4161: #pragma pack(pop...) : more pops than pushes
     1>c:\users\搞学习\documents\__project & production\graphics\project\project4cg\pathtracing-master\originalproject\headers\util\aabb.hpp(15): warning C4103: 'c:\users\搞学习\documents\__project & production\graphics\project\project4cg\pathtracing-master\originalproject\headers\util\aabb.hpp' : alignment changed after including header, may be due to missing #pragma pack(pop)
     1>c:\users\搞学习\documents\__project & production\graphics\project\project4cg\pathtracing-master\originalproject\headers\util\aabb.hpp(18): warning C4099: 'AABB2' : type name first seen using 'class' now seen using 'struct'
                 C:\Users\搞学习\Documents\__Project & Production\Graphics\Project\Project4CG\PathTracing-master\OriginalProject\headers\Shapes.h(19) : see declaration of 'AABB2'
     1>C:\Users\搞学习\Documents\__Project & Production\Graphics\Project\Project4CG\PathTracing-master\OriginalProject\headers\Shapes.h(23): warning C4103: 'c:\users\搞学习\documents\__project & production\graphics\project\project4cg\pathtracing-master\originalproject\headers\shapes.h' : alignment changed after including header, may be due to missing #pragma pack(pop)
     1>c:\users\搞学习\documents\__project & production\graphics\project\project4cg\pathtracing-master\originalproject\includeALL.h(15): warning C4103: 'c:\users\搞学习\documents\__project & production\graphics\project\project4cg\pathtracing-master\originalproject\includeall.h' : alignment changed after including header, may be due to missing #pragma pack(pop)
     1>C:\Users\搞学习\Documents\__Project & Production\Graphics\Project\Project4CG\PathTracing-master\OriginalProject\headers\Scene.h(10): warning C4099: 'AABB2' : type name first seen using 'struct' now seen using 'class'
                 c:\users\搞学习\documents\__project & production\graphics\project\project4cg\pathtracing-master\originalproject\headers\util\aabb.hpp(18) : see declaration of 'AABB2'
     1>C:\Users\搞学习\Documents\__Project & Production\Graphics\Project\Project4CG\PathTracing-master\OriginalProject\headers\Scene.h(12): warning C4099: 'Vector' : type name first seen using 'struct' now seen using 'class'
                 c:\users\搞学习\documents\__project & production\graphics\project\project4cg\pathtracing-master\originalproject\headers\util\vec3.hpp(31) : see declaration of 'Vector'
     1>C:\Users\搞学习\Documents\__Project & Production\Graphics\Project\Project4CG\PathTracing-master\OriginalProject\headers\SceneAccel\bvh.hpp(11): warning C4099: 'AABB2' : type name first seen using 'struct' now seen using 'class'
                 c:\users\搞学习\documents\__project & production\graphics\project\project4cg\pathtracing-master\originalproject\headers\util\aabb.hpp(18) : see declaration of 'AABB2'
     1>CookTorrance.cpp(3): warning C4103: 'c:\users\搞学习\documents\__project & production\graphics\project\project4cg\pathtracing-master\originalproject\cooktorrance.cpp' : alignment changed after including header, may be due to missing #pragma pack(pop)
         FrostedGlass.cpp
     1>c:\users\搞学习\documents\__project & production\graphics\project\project4cg\pathtracing-master\originalproject\Material.h(106): warning C4244: 'argument' : conversion from 'double' to 'float', possible loss of data
     1>c:\users\搞学习\documents\__project & production\graphics\project\project4cg\pathtracing-master\originalproject\headers\util\vec3.hpp(31): warning C4099: 'Vector' : type name first seen using 'class' now seen using 'struct'
                 C:\Users\搞学习\Documents\__Project & Production\Graphics\Project\Project4CG\PathTracing-master\OriginalProject\headers\Shapes.h(21) : see declaration of 'Vector'
     1>c:\users\搞学习\documents\__project & production\graphics\project\project4cg\pathtracing-master\originalproject\headers\util\vec3.hpp(40): warning C4161: #pragma pack(pop...) : more pops than pushes
     1>c:\users\搞学习\documents\__project & production\graphics\project\project4cg\pathtracing-master\originalproject\headers\util\aabb.hpp(15): warning C4103: 'c:\users\搞学习\documents\__project & production\graphics\project\project4cg\pathtracing-master\originalproject\headers\util\aabb.hpp' : alignment changed after including header, may be due to missing #pragma pack(pop)
     1>c:\users\搞学习\documents\__project & production\graphics\project\project4cg\pathtracing-master\originalproject\headers\util\aabb.hpp(18): warning C4099: 'AABB2' : type name first seen using 'class' now seen using 'struct'
                 C:\Users\搞学习\Documents\__Project & Production\Graphics\Project\Project4CG\PathTracing-master\OriginalProject\headers\Shapes.h(19) : see declaration of 'AABB2'
     1>C:\Users\搞学习\Documents\__Project & Production\Graphics\Project\Project4CG\PathTracing-master\OriginalProject\headers\Shapes.h(23): warning C4103: 'c:\users\搞学习\documents\__project & production\graphics\project\project4cg\pathtracing-master\originalproject\headers\shapes.h' : alignment changed after including header, may be due to missing #pragma pack(pop)
     1>c:\users\搞学习\documents\__project & production\graphics\project\project4cg\pathtracing-master\originalproject\includeALL.h(15): warning C4103: 'c:\users\搞学习\documents\__project & production\graphics\project\project4cg\pathtracing-master\originalproject\includeall.h' : alignment changed after including header, may be due to missing #pragma pack(pop)
     1>C:\Users\搞学习\Documents\__Project & Production\Graphics\Project\Project4CG\PathTracing-master\OriginalProject\headers\Scene.h(10): warning C4099: 'AABB2' : type name first seen using 'struct' now seen using 'class'
                 c:\users\搞学习\documents\__project & production\graphics\project\project4cg\pathtracing-master\originalproject\headers\util\aabb.hpp(18) : see declaration of 'AABB2'
     1>C:\Users\搞学习\Documents\__Project & Production\Graphics\Project\Project4CG\PathTracing-master\OriginalProject\headers\Scene.h(12): warning C4099: 'Vector' : type name first seen using 'struct' now seen using 'class'
                 c:\users\搞学习\documents\__project & production\graphics\project\project4cg\pathtracing-master\originalproject\headers\util\vec3.hpp(31) : see declaration of 'Vector'
     1>C:\Users\搞学习\Documents\__Project & Production\Graphics\Project\Project4CG\PathTracing-master\OriginalProject\headers\SceneAccel\bvh.hpp(11): warning C4099: 'AABB2' : type name first seen using 'struct' now seen using 'class'
                 c:\users\搞学习\documents\__project & production\graphics\project\project4cg\pathtracing-master\originalproject\headers\util\aabb.hpp(18) : see declaration of 'AABB2'
     1>FrostedGlass.cpp(2): warning C4103: 'c:\users\搞学习\documents\__project & production\graphics\project\project4cg\pathtracing-master\originalproject\frostedglass.cpp' : alignment changed after including header, may be due to missing #pragma pack(pop)
         KDTree.cpp
     1>c:\users\搞学习\documents\__project & production\graphics\project\project4cg\pathtracing-master\originalproject\headers\util\vec3.hpp(31): warning C4099: 'Vector' : type name first seen using 'class' now seen using 'struct'
                 C:\Users\搞学习\Documents\__Project & Production\Graphics\Project\Project4CG\PathTracing-master\OriginalProject\headers\Shapes.h(21) : see declaration of 'Vector'
     1>c:\users\搞学习\documents\__project & production\graphics\project\project4cg\pathtracing-master\originalproject\headers\util\vec3.hpp(40): warning C4161: #pragma pack(pop...) : more pops than pushes
     1>c:\users\搞学习\documents\__project & production\graphics\project\project4cg\pathtracing-master\originalproject\headers\util\aabb.hpp(15): warning C4103: 'c:\users\搞学习\documents\__project & production\graphics\project\project4cg\pathtracing-master\originalproject\headers\util\aabb.hpp' : alignment changed after including header, may be due to missing #pragma pack(pop)
     1>c:\users\搞学习\documents\__project & production\graphics\project\project4cg\pathtracing-master\originalproject\headers\util\aabb.hpp(18): warning C4099: 'AABB2' : type name first seen using 'class' now seen using 'struct'
                 C:\Users\搞学习\Documents\__Project & Production\Graphics\Project\Project4CG\PathTracing-master\OriginalProject\headers\Shapes.h(19) : see declaration of 'AABB2'
     1>C:\Users\搞学习\Documents\__Project & Production\Graphics\Project\Project4CG\PathTracing-master\OriginalProject\headers\Shapes.h(23): warning C4103: 'c:\users\搞学习\documents\__project & production\graphics\project\project4cg\pathtracing-master\originalproject\headers\shapes.h' : alignment changed after including header, may be due to missing #pragma pack(pop)
     1>c:\users\搞学习\documents\__project & production\graphics\project\project4cg\pathtracing-master\originalproject\includeALL.h(15): warning C4103: 'c:\users\搞学习\documents\__project & production\graphics\project\project4cg\pathtracing-master\originalproject\includeall.h' : alignment changed after including header, may be due to missing #pragma pack(pop)
     1>C:\Users\搞学习\Documents\__Project & Production\Graphics\Project\Project4CG\PathTracing-master\OriginalProject\headers\Scene.h(10): warning C4099: 'AABB2' : type name first seen using 'struct' now seen using 'class'
                 c:\users\搞学习\documents\__project & production\graphics\project\project4cg\pathtracing-master\originalproject\headers\util\aabb.hpp(18) : see declaration of 'AABB2'
     1>C:\Users\搞学习\Documents\__Project & Production\Graphics\Project\Project4CG\PathTracing-master\OriginalProject\headers\Scene.h(12): warning C4099: 'Vector' : type name first seen using 'struct' now seen using 'class'
                 c:\users\搞学习\documents\__project & production\graphics\project\project4cg\pathtracing-master\originalproject\headers\util\vec3.hpp(31) : see declaration of 'Vector'
     1>C:\Users\搞学习\Documents\__Project & Production\Graphics\Project\Project4CG\PathTracing-master\OriginalProject\headers\SceneAccel\bvh.hpp(11): warning C4099: 'AABB2' : type name first seen using 'struct' now seen using 'class'
                 c:\users\搞学习\documents\__project & production\graphics\project\project4cg\pathtracing-master\originalproject\headers\util\aabb.hpp(18) : see declaration of 'AABB2'
     1>KDTree.cpp(7): warning C4103: 'c:\users\搞学习\documents\__project & production\graphics\project\project4cg\pathtracing-master\originalproject\kdtree.cpp' : alignment changed after including header, may be due to missing #pragma pack(pop)
     1>KDTree.cpp(12): warning C4005: 'EPSILON' : macro redefinition
                 c:\users\搞学习\documents\__project & production\graphics\project\project4cg\pathtracing-master\originalproject\headers\util\vec3.hpp(14) : see previous definition of 'EPSILON'
         Light.cpp
     1>c:\users\搞学习\documents\__project & production\graphics\project\project4cg\pathtracing-master\originalproject\headers\util\vec3.hpp(31): warning C4099: 'Vector' : type name first seen using 'class' now seen using 'struct'
                 C:\Users\搞学习\Documents\__Project & Production\Graphics\Project\Project4CG\PathTracing-master\OriginalProject\headers\Shapes.h(21) : see declaration of 'Vector'
     1>c:\users\搞学习\documents\__project & production\graphics\project\project4cg\pathtracing-master\originalproject\headers\util\vec3.hpp(40): warning C4161: #pragma pack(pop...) : more pops than pushes
     1>c:\users\搞学习\documents\__project & production\graphics\project\project4cg\pathtracing-master\originalproject\headers\util\aabb.hpp(15): warning C4103: 'c:\users\搞学习\documents\__project & production\graphics\project\project4cg\pathtracing-master\originalproject\headers\util\aabb.hpp' : alignment changed after including header, may be due to missing #pragma pack(pop)
     1>c:\users\搞学习\documents\__project & production\graphics\project\project4cg\pathtracing-master\originalproject\headers\util\aabb.hpp(18): warning C4099: 'AABB2' : type name first seen using 'class' now seen using 'struct'
                 C:\Users\搞学习\Documents\__Project & Production\Graphics\Project\Project4CG\PathTracing-master\OriginalProject\headers\Shapes.h(19) : see declaration of 'AABB2'
     1>C:\Users\搞学习\Documents\__Project & Production\Graphics\Project\Project4CG\PathTracing-master\OriginalProject\headers\Shapes.h(23): warning C4103: 'c:\users\搞学习\documents\__project & production\graphics\project\project4cg\pathtracing-master\originalproject\headers\shapes.h' : alignment changed after including header, may be due to missing #pragma pack(pop)
     1>c:\users\搞学习\documents\__project & production\graphics\project\project4cg\pathtracing-master\originalproject\includeALL.h(15): warning C4103: 'c:\users\搞学习\documents\__project & production\graphics\project\project4cg\pathtracing-master\originalproject\includeall.h' : alignment changed after including header, may be due to missing #pragma pack(pop)
     1>C:\Users\搞学习\Documents\__Project & Production\Graphics\Project\Project4CG\PathTracing-master\OriginalProject\headers\Scene.h(10): warning C4099: 'AABB2' : type name first seen using 'struct' now seen using 'class'
                 c:\users\搞学习\documents\__project & production\graphics\project\project4cg\pathtracing-master\originalproject\headers\util\aabb.hpp(18) : see declaration of 'AABB2'
     1>C:\Users\搞学习\Documents\__Project & Production\Graphics\Project\Project4CG\PathTracing-master\OriginalProject\headers\Scene.h(12): warning C4099: 'Vector' : type name first seen using 'struct' now seen using 'class'
                 c:\users\搞学习\documents\__project & production\graphics\project\project4cg\pathtracing-master\originalproject\headers\util\vec3.hpp(31) : see declaration of 'Vector'
     1>C:\Users\搞学习\Documents\__Project & Production\Graphics\Project\Project4CG\PathTracing-master\OriginalProject\headers\SceneAccel\bvh.hpp(11): warning C4099: 'AABB2' : type name first seen using 'struct' now seen using 'class'
                 c:\users\搞学习\documents\__project & production\graphics\project\project4cg\pathtracing-master\originalproject\headers\util\aabb.hpp(18) : see declaration of 'AABB2'
     1>Light.cpp(7): warning C4103: 'c:\users\搞学习\documents\__project & production\graphics\project\project4cg\pathtracing-master\originalproject\light.cpp' : alignment changed after including header, may be due to missing #pragma pack(pop)
         Scene.cpp
     1>c:\users\搞学习\documents\__project & production\graphics\project\project4cg\pathtracing-master\originalproject\headers\util\vec3.hpp(31): warning C4099: 'Vector' : type name first seen using 'class' now seen using 'struct'
                 C:\Users\搞学习\Documents\__Project & Production\Graphics\Project\Project4CG\PathTracing-master\OriginalProject\headers\Scene.h(12) : see declaration of 'Vector'
     1>c:\users\搞学习\documents\__project & production\graphics\project\project4cg\pathtracing-master\originalproject\headers\util\vec3.hpp(40): warning C4161: #pragma pack(pop...) : more pops than pushes
     1>c:\users\搞学习\documents\__project & production\graphics\project\project4cg\pathtracing-master\originalproject\headers\util\vec3.hpp(142): warning C4244: 'argument' : conversion from 'int' to 'float', possible loss of data
     1>c:\users\搞学习\documents\__project & production\graphics\project\project4cg\pathtracing-master\originalproject\headers\util\aabb.hpp(15): warning C4103: 'c:\users\搞学习\documents\__project & production\graphics\project\project4cg\pathtracing-master\originalproject\headers\util\aabb.hpp' : alignment changed after including header, may be due to missing #pragma pack(pop)
     1>c:\users\搞学习\documents\__project & production\graphics\project\project4cg\pathtracing-master\originalproject\headers\util\aabb.hpp(18): warning C4099: 'AABB2' : type name first seen using 'class' now seen using 'struct'
                 C:\Users\搞学习\Documents\__Project & Production\Graphics\Project\Project4CG\PathTracing-master\OriginalProject\headers\Scene.h(10) : see declaration of 'AABB2'
     1>C:\Users\搞学习\Documents\__Project & Production\Graphics\Project\Project4CG\PathTracing-master\OriginalProject\headers\Scene.h(15): warning C4103: 'c:\users\搞学习\documents\__project & production\graphics\project\project4cg\pathtracing-master\originalproject\headers\scene.h' : alignment changed after including header, may be due to missing #pragma pack(pop)
     1>Scene.cpp(9): warning C4103: 'c:\users\搞学习\documents\__project & production\graphics\project\project4cg\pathtracing-master\originalproject\scene.cpp' : alignment changed after including header, may be due to missing #pragma pack(pop)
     1>C:\Users\搞学习\Documents\__Project & Production\Graphics\Project\Project4CG\PathTracing-master\OriginalProject\headers\Shapes.h(19): warning C4099: 'AABB2' : type name first seen using 'struct' now seen using 'class'
                 c:\users\搞学习\documents\__project & production\graphics\project\project4cg\pathtracing-master\originalproject\headers\util\aabb.hpp(18) : see declaration of 'AABB2'
     1>C:\Users\搞学习\Documents\__Project & Production\Graphics\Project\Project4CG\PathTracing-master\OriginalProject\headers\Shapes.h(21): warning C4099: 'Vector' : type name first seen using 'struct' now seen using 'class'
                 c:\users\搞学习\documents\__project & production\graphics\project\project4cg\pathtracing-master\originalproject\headers\util\vec3.hpp(31) : see declaration of 'Vector'
     1>C:\Users\搞学习\Documents\__Project & Production\Graphics\Project\Project4CG\PathTracing-master\OriginalProject\headers\SceneAccel\bvh.hpp(11): warning C4099: 'AABB2' : type name first seen using 'struct' now seen using 'class'
                 c:\users\搞学习\documents\__project & production\graphics\project\project4cg\pathtracing-master\originalproject\headers\util\aabb.hpp(18) : see declaration of 'AABB2'
     1>Scene.cpp(165): warning C4316: 'Sphere' : object allocated on the heap may not be aligned 16
     1>Scene.cpp(221): warning C4316: 'Triangle' : object allocated on the heap may not be aligned 16
     1>Scene.cpp(251): warning C4316: 'NormTriangle' : object allocated on the heap may not be aligned 16
         bvh.cpp
     1>c:\users\搞学习\documents\__project & production\graphics\project\project4cg\pathtracing-master\originalproject\headers\util\vec3.hpp(31): warning C4099: 'Vector' : type name first seen using 'class' now seen using 'struct'
                 C:\Users\搞学习\Documents\__Project & Production\Graphics\Project\Project4CG\PathTracing-master\OriginalProject\headers\util\aabb.hpp(13) : see declaration of 'Vector'
     1>c:\users\搞学习\documents\__project & production\graphics\project\project4cg\pathtracing-master\originalproject\headers\util\vec3.hpp(40): warning C4161: #pragma pack(pop...) : more pops than pushes
     1>c:\users\搞学习\documents\__project & production\graphics\project\project4cg\pathtracing-master\originalproject\headers\util\vec3.hpp(142): warning C4244: 'argument' : conversion from 'int' to 'float', possible loss of data
     1>C:\Users\搞学习\Documents\__Project & Production\Graphics\Project\Project4CG\PathTracing-master\OriginalProject\headers\util\aabb.hpp(15): warning C4103: 'c:\users\搞学习\documents\__project & production\graphics\project\project4cg\pathtracing-master\originalproject\headers\util\aabb.hpp' : alignment changed after including header, may be due to missing #pragma pack(pop)
     1>C:\Users\搞学习\Documents\__Project & Production\Graphics\Project\Project4CG\PathTracing-master\OriginalProject\headers\util\aabb.hpp(18): warning C4099: 'AABB2' : type name first seen using 'class' now seen using 'struct'
                 C:\Users\搞学习\Documents\__Project & Production\Graphics\Project\Project4CG\PathTracing-master\OriginalProject\headers\sceneaccel/bvh.hpp(11) : see declaration of 'AABB2'
     1>C:\Users\搞学习\Documents\__Project & Production\Graphics\Project\Project4CG\PathTracing-master\OriginalProject\headers\sceneaccel/bvh.hpp(15): warning C4103: 'c:\users\搞学习\documents\__project & production\graphics\project\project4cg\pathtracing-master\originalproject\headers\sceneaccel\bvh.hpp' : alignment changed after including header, may be due to missing #pragma pack(pop)
     1>SceneAccel\bvh.cpp(4): warning C4103: 'c:\users\搞学习\documents\__project & production\graphics\project\project4cg\pathtracing-master\originalproject\sceneaccel\bvh.cpp' : alignment changed after including header, may be due to missing #pragma pack(pop)
     1>C:\Users\搞学习\Documents\__Project & Production\Graphics\Project\Project4CG\PathTracing-master\OriginalProject\headers\Shapes.h(19): warning C4099: 'AABB2' : type name first seen using 'struct' now seen using 'class'
                 C:\Users\搞学习\Documents\__Project & Production\Graphics\Project\Project4CG\PathTracing-master\OriginalProject\headers\util\aabb.hpp(18) : see declaration of 'AABB2'
     1>C:\Users\搞学习\Documents\__Project & Production\Graphics\Project\Project4CG\PathTracing-master\OriginalProject\headers\Shapes.h(21): warning C4099: 'Vector' : type name first seen using 'struct' now seen using 'class'
                 c:\users\搞学习\documents\__project & production\graphics\project\project4cg\pathtracing-master\originalproject\headers\util\vec3.hpp(31) : see declaration of 'Vector'
     1>C:\Users\搞学习\Documents\__Project & Production\Graphics\Project\Project4CG\PathTracing-master\OriginalProject\headers\Scene.h(10): warning C4099: 'AABB2' : type name first seen using 'struct' now seen using 'class'
                 C:\Users\搞学习\Documents\__Project & Production\Graphics\Project\Project4CG\PathTracing-master\OriginalProject\headers\util\aabb.hpp(18) : see declaration of 'AABB2'
     1>C:\Users\搞学习\Documents\__Project & Production\Graphics\Project\Project4CG\PathTracing-master\OriginalProject\headers\Scene.h(12): warning C4099: 'Vector' : type name first seen using 'struct' now seen using 'class'
                 c:\users\搞学习\documents\__project & production\graphics\project\project4cg\pathtracing-master\originalproject\headers\util\vec3.hpp(31) : see declaration of 'Vector'
     1>SceneAccel\bvh.cpp(232): warning C4316: 'BVHFlatNode' : object allocated on the heap may not be aligned 16
         Shapes.cpp
     1>c:\users\搞学习\documents\__project & production\graphics\project\project4cg\pathtracing-master\originalproject\headers\util\vec3.hpp(31): warning C4099: 'Vector' : type name first seen using 'class' now seen using 'struct'
                 C:\Users\搞学习\Documents\__Project & Production\Graphics\Project\Project4CG\PathTracing-master\OriginalProject\headers\Shapes.h(21) : see declaration of 'Vector'
     1>c:\users\搞学习\documents\__project & production\graphics\project\project4cg\pathtracing-master\originalproject\headers\util\vec3.hpp(40): warning C4161: #pragma pack(pop...) : more pops than pushes
     1>c:\users\搞学习\documents\__project & production\graphics\project\project4cg\pathtracing-master\originalproject\headers\util\vec3.hpp(142): warning C4244: 'argument' : conversion from 'int' to 'float', possible loss of data
     1>c:\users\搞学习\documents\__project & production\graphics\project\project4cg\pathtracing-master\originalproject\headers\util\aabb.hpp(15): warning C4103: 'c:\users\搞学习\documents\__project & production\graphics\project\project4cg\pathtracing-master\originalproject\headers\util\aabb.hpp' : alignment changed after including header, may be due to missing #pragma pack(pop)
     1>c:\users\搞学习\documents\__project & production\graphics\project\project4cg\pathtracing-master\originalproject\headers\util\aabb.hpp(18): warning C4099: 'AABB2' : type name first seen using 'class' now seen using 'struct'
                 C:\Users\搞学习\Documents\__Project & Production\Graphics\Project\Project4CG\PathTracing-master\OriginalProject\headers\Shapes.h(19) : see declaration of 'AABB2'
     1>C:\Users\搞学习\Documents\__Project & Production\Graphics\Project\Project4CG\PathTracing-master\OriginalProject\headers\Shapes.h(23): warning C4103: 'c:\users\搞学习\documents\__project & production\graphics\project\project4cg\pathtracing-master\originalproject\headers\shapes.h' : alignment changed after including header, may be due to missing #pragma pack(pop)
     1>Shapes.cpp(5): warning C4103: 'c:\users\搞学习\documents\__project & production\graphics\project\project4cg\pathtracing-master\originalproject\shapes.cpp' : alignment changed after including header, may be due to missing #pragma pack(pop)
     1>C:\Users\搞学习\Documents\__Project & Production\Graphics\Project\Project4CG\PathTracing-master\OriginalProject\headers\Scene.h(10): warning C4099: 'AABB2' : type name first seen using 'struct' now seen using 'class'
                 c:\users\搞学习\documents\__project & production\graphics\project\project4cg\pathtracing-master\originalproject\headers\util\aabb.hpp(18) : see declaration of 'AABB2'
     1>C:\Users\搞学习\Documents\__Project & Production\Graphics\Project\Project4CG\PathTracing-master\OriginalProject\headers\Scene.h(12): warning C4099: 'Vector' : type name first seen using 'struct' now seen using 'class'
                 c:\users\搞学习\documents\__project & production\graphics\project\project4cg\pathtracing-master\originalproject\headers\util\vec3.hpp(31) : see declaration of 'Vector'
     1>C:\Users\搞学习\Documents\__Project & Production\Graphics\Project\Project4CG\PathTracing-master\OriginalProject\headers\SceneAccel\bvh.hpp(11): warning C4099: 'AABB2' : type name first seen using 'struct' now seen using 'class'
                 c:\users\搞学习\documents\__project & production\graphics\project\project4cg\pathtracing-master\originalproject\headers\util\aabb.hpp(18) : see declaration of 'AABB2'
         SmoothGlass.cpp
     1>c:\users\搞学习\documents\__project & production\graphics\project\project4cg\pathtracing-master\originalproject\Material.h(106): warning C4244: 'argument' : conversion from 'double' to 'float', possible loss of data
     1>c:\users\搞学习\documents\__project & production\graphics\project\project4cg\pathtracing-master\originalproject\headers\util\vec3.hpp(31): warning C4099: 'Vector' : type name first seen using 'class' now seen using 'struct'
                 C:\Users\搞学习\Documents\__Project & Production\Graphics\Project\Project4CG\PathTracing-master\OriginalProject\headers\Shapes.h(21) : see declaration of 'Vector'
     1>c:\users\搞学习\documents\__project & production\graphics\project\project4cg\pathtracing-master\originalproject\headers\util\vec3.hpp(40): warning C4161: #pragma pack(pop...) : more pops than pushes
     1>c:\users\搞学习\documents\__project & production\graphics\project\project4cg\pathtracing-master\originalproject\headers\util\aabb.hpp(15): warning C4103: 'c:\users\搞学习\documents\__project & production\graphics\project\project4cg\pathtracing-master\originalproject\headers\util\aabb.hpp' : alignment changed after including header, may be due to missing #pragma pack(pop)
     1>c:\users\搞学习\documents\__project & production\graphics\project\project4cg\pathtracing-master\originalproject\headers\util\aabb.hpp(18): warning C4099: 'AABB2' : type name first seen using 'class' now seen using 'struct'
                 C:\Users\搞学习\Documents\__Project & Production\Graphics\Project\Project4CG\PathTracing-master\OriginalProject\headers\Shapes.h(19) : see declaration of 'AABB2'
     1>C:\Users\搞学习\Documents\__Project & Production\Graphics\Project\Project4CG\PathTracing-master\OriginalProject\headers\Shapes.h(23): warning C4103: 'c:\users\搞学习\documents\__project & production\graphics\project\project4cg\pathtracing-master\originalproject\headers\shapes.h' : alignment changed after including header, may be due to missing #pragma pack(pop)
     1>c:\users\搞学习\documents\__project & production\graphics\project\project4cg\pathtracing-master\originalproject\includeALL.h(15): warning C4103: 'c:\users\搞学习\documents\__project & production\graphics\project\project4cg\pathtracing-master\originalproject\includeall.h' : alignment changed after including header, may be due to missing #pragma pack(pop)
     1>C:\Users\搞学习\Documents\__Project & Production\Graphics\Project\Project4CG\PathTracing-master\OriginalProject\headers\Scene.h(10): warning C4099: 'AABB2' : type name first seen using 'struct' now seen using 'class'
                 c:\users\搞学习\documents\__project & production\graphics\project\project4cg\pathtracing-master\originalproject\headers\util\aabb.hpp(18) : see declaration of 'AABB2'
     1>C:\Users\搞学习\Documents\__Project & Production\Graphics\Project\Project4CG\PathTracing-master\OriginalProject\headers\Scene.h(12): warning C4099: 'Vector' : type name first seen using 'struct' now seen using 'class'
                 c:\users\搞学习\documents\__project & production\graphics\project\project4cg\pathtracing-master\originalproject\headers\util\vec3.hpp(31) : see declaration of 'Vector'
     1>C:\Users\搞学习\Documents\__Project & Production\Graphics\Project\Project4CG\PathTracing-master\OriginalProject\headers\SceneAccel\bvh.hpp(11): warning C4099: 'AABB2' : type name first seen using 'struct' now seen using 'class'
                 c:\users\搞学习\documents\__project & production\graphics\project\project4cg\pathtracing-master\originalproject\headers\util\aabb.hpp(18) : see declaration of 'AABB2'
     1>SmoothGlass.cpp(2): warning C4103: 'c:\users\搞学习\documents\__project & production\graphics\project\project4cg\pathtracing-master\originalproject\smoothglass.cpp' : alignment changed after including header, may be due to missing #pragma pack(pop)
         Specular.cpp
     1>c:\users\搞学习\documents\__project & production\graphics\project\project4cg\pathtracing-master\originalproject\Material.h(106): warning C4244: 'argument' : conversion from 'double' to 'float', possible loss of data
     1>c:\users\搞学习\documents\__project & production\graphics\project\project4cg\pathtracing-master\originalproject\headers\util\vec3.hpp(31): warning C4099: 'Vector' : type name first seen using 'class' now seen using 'struct'
                 C:\Users\搞学习\Documents\__Project & Production\Graphics\Project\Project4CG\PathTracing-master\OriginalProject\headers\Shapes.h(21) : see declaration of 'Vector'
     1>c:\users\搞学习\documents\__project & production\graphics\project\project4cg\pathtracing-master\originalproject\headers\util\vec3.hpp(40): warning C4161: #pragma pack(pop...) : more pops than pushes
     1>c:\users\搞学习\documents\__project & production\graphics\project\project4cg\pathtracing-master\originalproject\headers\util\aabb.hpp(15): warning C4103: 'c:\users\搞学习\documents\__project & production\graphics\project\project4cg\pathtracing-master\originalproject\headers\util\aabb.hpp' : alignment changed after including header, may be due to missing #pragma pack(pop)
     1>c:\users\搞学习\documents\__project & production\graphics\project\project4cg\pathtracing-master\originalproject\headers\util\aabb.hpp(18): warning C4099: 'AABB2' : type name first seen using 'class' now seen using 'struct'
                 C:\Users\搞学习\Documents\__Project & Production\Graphics\Project\Project4CG\PathTracing-master\OriginalProject\headers\Shapes.h(19) : see declaration of 'AABB2'
     1>C:\Users\搞学习\Documents\__Project & Production\Graphics\Project\Project4CG\PathTracing-master\OriginalProject\headers\Shapes.h(23): warning C4103: 'c:\users\搞学习\documents\__project & production\graphics\project\project4cg\pathtracing-master\originalproject\headers\shapes.h' : alignment changed after including header, may be due to missing #pragma pack(pop)
     1>c:\users\搞学习\documents\__project & production\graphics\project\project4cg\pathtracing-master\originalproject\includeALL.h(15): warning C4103: 'c:\users\搞学习\documents\__project & production\graphics\project\project4cg\pathtracing-master\originalproject\includeall.h' : alignment changed after including header, may be due to missing #pragma pack(pop)
     1>C:\Users\搞学习\Documents\__Project & Production\Graphics\Project\Project4CG\PathTracing-master\OriginalProject\headers\Scene.h(10): warning C4099: 'AABB2' : type name first seen using 'struct' now seen using 'class'
                 c:\users\搞学习\documents\__project & production\graphics\project\project4cg\pathtracing-master\originalproject\headers\util\aabb.hpp(18) : see declaration of 'AABB2'
     1>C:\Users\搞学习\Documents\__Project & Production\Graphics\Project\Project4CG\PathTracing-master\OriginalProject\headers\Scene.h(12): warning C4099: 'Vector' : type name first seen using 'struct' now seen using 'class'
                 c:\users\搞学习\documents\__project & production\graphics\project\project4cg\pathtracing-master\originalproject\headers\util\vec3.hpp(31) : see declaration of 'Vector'
     1>C:\Users\搞学习\Documents\__Project & Production\Graphics\Project\Project4CG\PathTracing-master\OriginalProject\headers\SceneAccel\bvh.hpp(11): warning C4099: 'AABB2' : type name first seen using 'struct' now seen using 'class'
                 c:\users\搞学习\documents\__project & production\graphics\project\project4cg\pathtracing-master\originalproject\headers\util\aabb.hpp(18) : see declaration of 'AABB2'
     1>Specular.cpp(2): warning C4103: 'c:\users\搞学习\documents\__project & production\graphics\project\project4cg\pathtracing-master\originalproject\specular.cpp' : alignment changed after including header, may be due to missing #pragma pack(pop)
         Transform.cpp
     1>c:\users\搞学习\documents\__project & production\graphics\project\project4cg\pathtracing-master\originalproject\headers\util\vec3.hpp(31): warning C4099: 'Vector' : type name first seen using 'class' now seen using 'struct'
                 C:\Users\搞学习\Documents\__Project & Production\Graphics\Project\Project4CG\PathTracing-master\OriginalProject\headers\Shapes.h(21) : see declaration of 'Vector'
     1>c:\users\搞学习\documents\__project & production\graphics\project\project4cg\pathtracing-master\originalproject\headers\util\vec3.hpp(40): warning C4161: #pragma pack(pop...) : more pops than pushes
     1>c:\users\搞学习\documents\__project & production\graphics\project\project4cg\pathtracing-master\originalproject\headers\util\aabb.hpp(15): warning C4103: 'c:\users\搞学习\documents\__project & production\graphics\project\project4cg\pathtracing-master\originalproject\headers\util\aabb.hpp' : alignment changed after including header, may be due to missing #pragma pack(pop)
     1>c:\users\搞学习\documents\__project & production\graphics\project\project4cg\pathtracing-master\originalproject\headers\util\aabb.hpp(18): warning C4099: 'AABB2' : type name first seen using 'class' now seen using 'struct'
                 C:\Users\搞学习\Documents\__Project & Production\Graphics\Project\Project4CG\PathTracing-master\OriginalProject\headers\Shapes.h(19) : see declaration of 'AABB2'
     1>C:\Users\搞学习\Documents\__Project & Production\Graphics\Project\Project4CG\PathTracing-master\OriginalProject\headers\Shapes.h(23): warning C4103: 'c:\users\搞学习\documents\__project & production\graphics\project\project4cg\pathtracing-master\originalproject\headers\shapes.h' : alignment changed after including header, may be due to missing #pragma pack(pop)
     1>c:\users\搞学习\documents\__project & production\graphics\project\project4cg\pathtracing-master\originalproject\includeALL.h(15): warning C4103: 'c:\users\搞学习\documents\__project & production\graphics\project\project4cg\pathtracing-master\originalproject\includeall.h' : alignment changed after including header, may be due to missing #pragma pack(pop)
     1>C:\Users\搞学习\Documents\__Project & Production\Graphics\Project\Project4CG\PathTracing-master\OriginalProject\headers\Scene.h(10): warning C4099: 'AABB2' : type name first seen using 'struct' now seen using 'class'
                 c:\users\搞学习\documents\__project & production\graphics\project\project4cg\pathtracing-master\originalproject\headers\util\aabb.hpp(18) : see declaration of 'AABB2'
     1>C:\Users\搞学习\Documents\__Project & Production\Graphics\Project\Project4CG\PathTracing-master\OriginalProject\headers\Scene.h(12): warning C4099: 'Vector' : type name first seen using 'struct' now seen using 'class'
                 c:\users\搞学习\documents\__project & production\graphics\project\project4cg\pathtracing-master\originalproject\headers\util\vec3.hpp(31) : see declaration of 'Vector'
     1>C:\Users\搞学习\Documents\__Project & Production\Graphics\Project\Project4CG\PathTracing-master\OriginalProject\headers\SceneAccel\bvh.hpp(11): warning C4099: 'AABB2' : type name first seen using 'struct' now seen using 'class'
                 c:\users\搞学习\documents\__project & production\graphics\project\project4cg\pathtracing-master\originalproject\headers\util\aabb.hpp(18) : see declaration of 'AABB2'
     1>Transform.cpp(4): warning C4103: 'c:\users\搞学习\documents\__project & production\graphics\project\project4cg\pathtracing-master\originalproject\transform.cpp' : alignment changed after including header, may be due to missing #pragma pack(pop)
         all.cpp
     1>c:\users\搞学习\documents\__project & production\graphics\project\project4cg\pathtracing-master\originalproject\Material.h(106): warning C4244: 'argument' : conversion from 'double' to 'float', possible loss of data
     1>c:\users\搞学习\documents\__project & production\graphics\project\project4cg\pathtracing-master\originalproject\headers\util\vec3.hpp(31): warning C4099: 'Vector' : type name first seen using 'class' now seen using 'struct'
                 C:\Users\搞学习\Documents\__Project & Production\Graphics\Project\Project4CG\PathTracing-master\OriginalProject\headers\Shapes.h(21) : see declaration of 'Vector'
     1>c:\users\搞学习\documents\__project & production\graphics\project\project4cg\pathtracing-master\originalproject\headers\util\vec3.hpp(40): warning C4161: #pragma pack(pop...) : more pops than pushes
     1>c:\users\搞学习\documents\__project & production\graphics\project\project4cg\pathtracing-master\originalproject\headers\util\aabb.hpp(15): warning C4103: 'c:\users\搞学习\documents\__project & production\graphics\project\project4cg\pathtracing-master\originalproject\headers\util\aabb.hpp' : alignment changed after including header, may be due to missing #pragma pack(pop)
     1>c:\users\搞学习\documents\__project & production\graphics\project\project4cg\pathtracing-master\originalproject\headers\util\aabb.hpp(18): warning C4099: 'AABB2' : type name first seen using 'class' now seen using 'struct'
                 C:\Users\搞学习\Documents\__Project & Production\Graphics\Project\Project4CG\PathTracing-master\OriginalProject\headers\Shapes.h(19) : see declaration of 'AABB2'
     1>C:\Users\搞学习\Documents\__Project & Production\Graphics\Project\Project4CG\PathTracing-master\OriginalProject\headers\Shapes.h(23): warning C4103: 'c:\users\搞学习\documents\__project & production\graphics\project\project4cg\pathtracing-master\originalproject\headers\shapes.h' : alignment changed after including header, may be due to missing #pragma pack(pop)
     1>c:\users\搞学习\documents\__project & production\graphics\project\project4cg\pathtracing-master\originalproject\includeALL.h(15): warning C4103: 'c:\users\搞学习\documents\__project & production\graphics\project\project4cg\pathtracing-master\originalproject\includeall.h' : alignment changed after including header, may be due to missing #pragma pack(pop)
     1>C:\Users\搞学习\Documents\__Project & Production\Graphics\Project\Project4CG\PathTracing-master\OriginalProject\headers\Scene.h(10): warning C4099: 'AABB2' : type name first seen using 'struct' now seen using 'class'
                 c:\users\搞学习\documents\__project & production\graphics\project\project4cg\pathtracing-master\originalproject\headers\util\aabb.hpp(18) : see declaration of 'AABB2'
     1>C:\Users\搞学习\Documents\__Project & Production\Graphics\Project\Project4CG\PathTracing-master\OriginalProject\headers\Scene.h(12): warning C4099: 'Vector' : type name first seen using 'struct' now seen using 'class'
                 c:\users\搞学习\documents\__project & production\graphics\project\project4cg\pathtracing-master\originalproject\headers\util\vec3.hpp(31) : see declaration of 'Vector'
     1>C:\Users\搞学习\Documents\__Project & Production\Graphics\Project\Project4CG\PathTracing-master\OriginalProject\headers\SceneAccel\bvh.hpp(11): warning C4099: 'AABB2' : type name first seen using 'struct' now seen using 'class'
                 c:\users\搞学习\documents\__project & production\graphics\project\project4cg\pathtracing-master\originalproject\headers\util\aabb.hpp(18) : see declaration of 'AABB2'
     1>all.cpp(3): warning C4103: 'c:\users\搞学习\documents\__project & production\graphics\project\project4cg\pathtracing-master\originalproject\all.cpp' : alignment changed after including header, may be due to missing #pragma pack(pop)
         diffuse.cpp
     1>c:\users\搞学习\documents\__project & production\graphics\project\project4cg\pathtracing-master\originalproject\Material.h(106): warning C4244: 'argument' : conversion from 'double' to 'float', possible loss of data
     1>c:\users\搞学习\documents\__project & production\graphics\project\project4cg\pathtracing-master\originalproject\headers\util\vec3.hpp(31): warning C4099: 'Vector' : type name first seen using 'class' now seen using 'struct'
                 C:\Users\搞学习\Documents\__Project & Production\Graphics\Project\Project4CG\PathTracing-master\OriginalProject\headers\Shapes.h(21) : see declaration of 'Vector'
     1>c:\users\搞学习\documents\__project & production\graphics\project\project4cg\pathtracing-master\originalproject\headers\util\vec3.hpp(40): warning C4161: #pragma pack(pop...) : more pops than pushes
     1>c:\users\搞学习\documents\__project & production\graphics\project\project4cg\pathtracing-master\originalproject\headers\util\aabb.hpp(15): warning C4103: 'c:\users\搞学习\documents\__project & production\graphics\project\project4cg\pathtracing-master\originalproject\headers\util\aabb.hpp' : alignment changed after including header, may be due to missing #pragma pack(pop)
     1>c:\users\搞学习\documents\__project & production\graphics\project\project4cg\pathtracing-master\originalproject\headers\util\aabb.hpp(18): warning C4099: 'AABB2' : type name first seen using 'class' now seen using 'struct'
                 C:\Users\搞学习\Documents\__Project & Production\Graphics\Project\Project4CG\PathTracing-master\OriginalProject\headers\Shapes.h(19) : see declaration of 'AABB2'
     1>C:\Users\搞学习\Documents\__Project & Production\Graphics\Project\Project4CG\PathTracing-master\OriginalProject\headers\Shapes.h(23): warning C4103: 'c:\users\搞学习\documents\__project & production\graphics\project\project4cg\pathtracing-master\originalproject\headers\shapes.h' : alignment changed after including header, may be due to missing #pragma pack(pop)
     1>c:\users\搞学习\documents\__project & production\graphics\project\project4cg\pathtracing-master\originalproject\includeALL.h(15): warning C4103: 'c:\users\搞学习\documents\__project & production\graphics\project\project4cg\pathtracing-master\originalproject\includeall.h' : alignment changed after including header, may be due to missing #pragma pack(pop)
     1>C:\Users\搞学习\Documents\__Project & Production\Graphics\Project\Project4CG\PathTracing-master\OriginalProject\headers\Scene.h(10): warning C4099: 'AABB2' : type name first seen using 'struct' now seen using 'class'
                 c:\users\搞学习\documents\__project & production\graphics\project\project4cg\pathtracing-master\originalproject\headers\util\aabb.hpp(18) : see declaration of 'AABB2'
     1>C:\Users\搞学习\Documents\__Project & Production\Graphics\Project\Project4CG\PathTracing-master\OriginalProject\headers\Scene.h(12): warning C4099: 'Vector' : type name first seen using 'struct' now seen using 'class'
                 c:\users\搞学习\documents\__project & production\graphics\project\project4cg\pathtracing-master\originalproject\headers\util\vec3.hpp(31) : see declaration of 'Vector'
     1>C:\Users\搞学习\Documents\__Project & Production\Graphics\Project\Project4CG\PathTracing-master\OriginalProject\headers\SceneAccel\bvh.hpp(11): warning C4099: 'AABB2' : type name first seen using 'struct' now seen using 'class'
                 c:\users\搞学习\documents\__project & production\graphics\project\project4cg\pathtracing-master\originalproject\headers\util\aabb.hpp(18) : see declaration of 'AABB2'
     1>diffuse.cpp(2): warning C4103: 'c:\users\搞学习\documents\__project & production\graphics\project\project4cg\pathtracing-master\originalproject\diffuse.cpp' : alignment changed after including header, may be due to missing #pragma pack(pop)
         main.cpp
     1>c:\users\搞学习\documents\__project & production\graphics\project\project4cg\pathtracing-master\originalproject\headers\util\vec3.hpp(31): warning C4099: 'Vector' : type name first seen using 'class' now seen using 'struct'
                 C:\Users\搞学习\Documents\__Project & Production\Graphics\Project\Project4CG\PathTracing-master\OriginalProject\headers\Shapes.h(21) : see declaration of 'Vector'
     1>c:\users\搞学习\documents\__project & production\graphics\project\project4cg\pathtracing-master\originalproject\headers\util\vec3.hpp(40): warning C4161: #pragma pack(pop...) : more pops than pushes
     1>c:\users\搞学习\documents\__project & production\graphics\project\project4cg\pathtracing-master\originalproject\headers\util\aabb.hpp(15): warning C4103: 'c:\users\搞学习\documents\__project & production\graphics\project\project4cg\pathtracing-master\originalproject\headers\util\aabb.hpp' : alignment changed after including header, may be due to missing #pragma pack(pop)
     1>c:\users\搞学习\documents\__project & production\graphics\project\project4cg\pathtracing-master\originalproject\headers\util\aabb.hpp(18): warning C4099: 'AABB2' : type name first seen using 'class' now seen using 'struct'
                 C:\Users\搞学习\Documents\__Project & Production\Graphics\Project\Project4CG\PathTracing-master\OriginalProject\headers\Shapes.h(19) : see declaration of 'AABB2'
     1>C:\Users\搞学习\Documents\__Project & Production\Graphics\Project\Project4CG\PathTracing-master\OriginalProject\headers\Shapes.h(23): warning C4103: 'c:\users\搞学习\documents\__project & production\graphics\project\project4cg\pathtracing-master\originalproject\headers\shapes.h' : alignment changed after including header, may be due to missing #pragma pack(pop)
     1>c:\users\搞学习\documents\__project & production\graphics\project\project4cg\pathtracing-master\originalproject\includeALL.h(15): warning C4103: 'c:\users\搞学习\documents\__project & production\graphics\project\project4cg\pathtracing-master\originalproject\includeall.h' : alignment changed after including header, may be due to missing #pragma pack(pop)
     1>C:\Users\搞学习\Documents\__Project & Production\Graphics\Project\Project4CG\PathTracing-master\OriginalProject\headers\Scene.h(10): warning C4099: 'AABB2' : type name first seen using 'struct' now seen using 'class'
                 c:\users\搞学习\documents\__project & production\graphics\project\project4cg\pathtracing-master\originalproject\headers\util\aabb.hpp(18) : see declaration of 'AABB2'
     1>C:\Users\搞学习\Documents\__Project & Production\Graphics\Project\Project4CG\PathTracing-master\OriginalProject\headers\Scene.h(12): warning C4099: 'Vector' : type name first seen using 'struct' now seen using 'class'
                 c:\users\搞学习\documents\__project & production\graphics\project\project4cg\pathtracing-master\originalproject\headers\util\vec3.hpp(31) : see declaration of 'Vector'
     1>C:\Users\搞学习\Documents\__Project & Production\Graphics\Project\Project4CG\PathTracing-master\OriginalProject\headers\SceneAccel\bvh.hpp(11): warning C4099: 'AABB2' : type name first seen using 'struct' now seen using 'class'
                 c:\users\搞学习\documents\__project & production\graphics\project\project4cg\pathtracing-master\originalproject\headers\util\aabb.hpp(18) : see declaration of 'AABB2'
     1>main.cpp(3): warning C4103: 'c:\users\搞学习\documents\__project & production\graphics\project\project4cg\pathtracing-master\originalproject\main.cpp' : alignment changed after including header, may be due to missing #pragma pack(pop)
     1>main.cpp(652): warning C4316: 'Scene' : object allocated on the heap may not be aligned 16
     1>main.cpp(891): warning C4018: '<' : signed/unsigned mismatch
         shaders.cpp
     1>shaders.cpp(5): warning C4005: '_CRT_SECURE_NO_WARNINGS' : macro redefinition
                 command-line arguments :  see previous definition of '_CRT_SECURE_NO_WARNINGS'
     1>c:\users\搞学习\documents\__project & production\graphics\project\project4cg\pathtracing-master\originalproject\headers\util\vec3.hpp(31): warning C4099: 'Vector' : type name first seen using 'class' now seen using 'struct'
                 C:\Users\搞学习\Documents\__Project & Production\Graphics\Project\Project4CG\PathTracing-master\OriginalProject\headers\Shapes.h(21) : see declaration of 'Vector'
     1>c:\users\搞学习\documents\__project & production\graphics\project\project4cg\pathtracing-master\originalproject\headers\util\vec3.hpp(40): warning C4161: #pragma pack(pop...) : more pops than pushes
     1>c:\users\搞学习\documents\__project & production\graphics\project\project4cg\pathtracing-master\originalproject\headers\util\aabb.hpp(15): warning C4103: 'c:\users\搞学习\documents\__project & production\graphics\project\project4cg\pathtracing-master\originalproject\headers\util\aabb.hpp' : alignment changed after including header, may be due to missing #pragma pack(pop)
     1>c:\users\搞学习\documents\__project & production\graphics\project\project4cg\pathtracing-master\originalproject\headers\util\aabb.hpp(18): warning C4099: 'AABB2' : type name first seen using 'class' now seen using 'struct'
                 C:\Users\搞学习\Documents\__Project & Production\Graphics\Project\Project4CG\PathTracing-master\OriginalProject\headers\Shapes.h(19) : see declaration of 'AABB2'
     1>C:\Users\搞学习\Documents\__Project & Production\Graphics\Project\Project4CG\PathTracing-master\OriginalProject\headers\Shapes.h(23): warning C4103: 'c:\users\搞学习\documents\__project & production\graphics\project\project4cg\pathtracing-master\originalproject\headers\shapes.h' : alignment changed after including header, may be due to missing #pragma pack(pop)
     1>c:\users\搞学习\documents\__project & production\graphics\project\project4cg\pathtracing-master\originalproject\includeALL.h(15): warning C4103: 'c:\users\搞学习\documents\__project & production\graphics\project\project4cg\pathtracing-master\originalproject\includeall.h' : alignment changed after including header, may be due to missing #pragma pack(pop)
     1>C:\Users\搞学习\Documents\__Project & Production\Graphics\Project\Project4CG\PathTracing-master\OriginalProject\headers\Scene.h(10): warning C4099: 'AABB2' : type name first seen using 'struct' now seen using 'class'
                 c:\users\搞学习\documents\__project & production\graphics\project\project4cg\pathtracing-master\originalproject\headers\util\aabb.hpp(18) : see declaration of 'AABB2'
     1>C:\Users\搞学习\Documents\__Project & Production\Graphics\Project\Project4CG\PathTracing-master\OriginalProject\headers\Scene.h(12): warning C4099: 'Vector' : type name first seen using 'struct' now seen using 'class'
                 c:\users\搞学习\documents\__project & production\graphics\project\project4cg\pathtracing-master\originalproject\headers\util\vec3.hpp(31) : see declaration of 'Vector'
     1>C:\Users\搞学习\Documents\__Project & Production\Graphics\Project\Project4CG\PathTracing-master\OriginalProject\headers\SceneAccel\bvh.hpp(11): warning C4099: 'AABB2' : type name first seen using 'struct' now seen using 'class'
                 c:\users\搞学习\documents\__project & production\graphics\project\project4cg\pathtracing-master\originalproject\headers\util\aabb.hpp(18) : see declaration of 'AABB2'
     1>shaders.cpp(8): warning C4103: 'c:\users\搞学习\documents\__project & production\graphics\project\project4cg\pathtracing-master\originalproject\shaders.cpp' : alignment changed after including header, may be due to missing #pragma pack(pop)
         aabb.cpp
     1>c:\users\搞学习\documents\__project & production\graphics\project\project4cg\pathtracing-master\originalproject\headers\util\vec3.hpp(31): warning C4099: 'Vector' : type name first seen using 'class' now seen using 'struct'
                 C:\Users\搞学习\Documents\__Project & Production\Graphics\Project\Project4CG\PathTracing-master\OriginalProject\headers\util/aabb.hpp(13) : see declaration of 'Vector'
     1>c:\users\搞学习\documents\__project & production\graphics\project\project4cg\pathtracing-master\originalproject\headers\util\vec3.hpp(40): warning C4161: #pragma pack(pop...) : more pops than pushes
     1>c:\users\搞学习\documents\__project & production\graphics\project\project4cg\pathtracing-master\originalproject\headers\util\vec3.hpp(142): warning C4244: 'argument' : conversion from 'int' to 'float', possible loss of data
     1>C:\Users\搞学习\Documents\__Project & Production\Graphics\Project\Project4CG\PathTracing-master\OriginalProject\headers\util/aabb.hpp(15): warning C4103: 'c:\users\搞学习\documents\__project & production\graphics\project\project4cg\pathtracing-master\originalproject\headers\util\aabb.hpp' : alignment changed after including header, may be due to missing #pragma pack(pop)
     1>util\aabb.cpp(2): warning C4103: 'c:\users\搞学习\documents\__project & production\graphics\project\project4cg\pathtracing-master\originalproject\util\aabb.cpp' : alignment changed after including header, may be due to missing #pragma pack(pop)
     1>C:\Users\搞学习\Documents\__Project & Production\Graphics\Project\Project4CG\PathTracing-master\OriginalProject\headers\Shapes.h(19): warning C4099: 'AABB2' : type name first seen using 'struct' now seen using 'class'
                 C:\Users\搞学习\Documents\__Project & Production\Graphics\Project\Project4CG\PathTracing-master\OriginalProject\headers\util/aabb.hpp(18) : see declaration of 'AABB2'
     1>C:\Users\搞学习\Documents\__Project & Production\Graphics\Project\Project4CG\PathTracing-master\OriginalProject\headers\Shapes.h(21): warning C4099: 'Vector' : type name first seen using 'struct' now seen using 'class'
                 c:\users\搞学习\documents\__project & production\graphics\project\project4cg\pathtracing-master\originalproject\headers\util\vec3.hpp(31) : see declaration of 'Vector'
     1>C:\Users\搞学习\Documents\__Project & Production\Graphics\Project\Project4CG\PathTracing-master\OriginalProject\headers\Scene.h(10): warning C4099: 'AABB2' : type name first seen using 'struct' now seen using 'class'
                 C:\Users\搞学习\Documents\__Project & Production\Graphics\Project\Project4CG\PathTracing-master\OriginalProject\headers\util/aabb.hpp(18) : see declaration of 'AABB2'
     1>C:\Users\搞学习\Documents\__Project & Production\Graphics\Project\Project4CG\PathTracing-master\OriginalProject\headers\Scene.h(12): warning C4099: 'Vector' : type name first seen using 'struct' now seen using 'class'
                 c:\users\搞学习\documents\__project & production\graphics\project\project4cg\pathtracing-master\originalproject\headers\util\vec3.hpp(31) : see declaration of 'Vector'
     1>C:\Users\搞学习\Documents\__Project & Production\Graphics\Project\Project4CG\PathTracing-master\OriginalProject\headers\SceneAccel\bvh.hpp(11): warning C4099: 'AABB2' : type name first seen using 'struct' now seen using 'class'
                 C:\Users\搞学习\Documents\__Project & Production\Graphics\Project\Project4CG\PathTracing-master\OriginalProject\headers\util/aabb.hpp(18) : see declaration of 'AABB2'
     1>util\aabb.cpp(66): warning C4161: #pragma pack(pop...) : more pops than pushes
     1>util\aabb.cpp(114): warning C4800: 'int' : forcing value to bool 'true' or 'false' (performance warning)
       Link:
         C:\Program Files (x86)\__my_Programs\Workstations&Tools\VS 2013 pro\VC\bin\link.exe /ERRORREPORT:PROMPT /OUT:"C:\Users\搞学习\Documents\__Project & Production\Graphics\Project\Project4CG\PathTracing-master\OriginalProject\Release\OriginalProject.exe" /NOLOGO FreeImage.lib kernel32.lib user32.lib gdi32.lib winspool.lib comdlg32.lib advapi32.lib shell32.lib ole32.lib oleaut32.lib uuid.lib odbc32.lib odbccp32.lib glew32.lib kernel32.lib user32.lib gdi32.lib winspool.lib comdlg32.lib advapi32.lib shell32.lib ole32.lib oleaut32.lib uuid.lib odbc32.lib odbccp32.lib /MANIFEST /MANIFESTUAC:"level='asInvoker' uiAccess='false'" /manifest:embed /DEBUG /PDB:"C:\Users\搞学习\Documents\__Project & Production\Graphics\Project\Project4CG\PathTracing-master\OriginalProject\Release\OriginalProject.pdb" /OPT:REF /OPT:ICF /LTCG /TLBID:1 /DYNAMICBASE /NXCOMPAT /IMPLIB:"C:\Users\搞学习\Documents\__Project & Production\Graphics\Project\Project4CG\PathTracing-master\OriginalProject\Release\OriginalProject.lib" /MACHINE:X86 /PROFILE /SAFESEH:NO .\all.obj
         .\CookTorrance.obj
         .\diffuse.obj
         .\FrostedGlass.obj
         .\KDTree.obj
         .\Light.obj
         .\main.obj
         .\Scene.obj
         .\bvh.obj
         .\shaders.obj
         .\Shapes.obj
         .\SmoothGlass.obj
         .\Specular.obj
         .\Transform.obj
         .\aabb.obj
         Generating code
     1>c:\users\搞学习\documents\__project & production\graphics\project\project4cg\pathtracing-master\originalproject\util\aabb.cpp(12): warning C4756: overflow in constant arithmetic
     1>c:\users\搞学习\documents\__project & production\graphics\project\project4cg\pathtracing-master\originalproject\util\aabb.cpp(13): warning C4756: overflow in constant arithmetic
     1>c:\users\搞学习\documents\__project & production\graphics\project\project4cg\pathtracing-master\originalproject\util\aabb.cpp(14): warning C4756: overflow in constant arithmetic
     1>c:\users\搞学习\documents\__project & production\graphics\project\project4cg\pathtracing-master\originalproject\util\aabb.cpp(12): warning C4756: overflow in constant arithmetic
         Finished generating code
         OriginalProject.vcxproj -> C:\Users\搞学习\Documents\__Project & Production\Graphics\Project\Project4CG\PathTracing-master\OriginalProject\Release\OriginalProject.exe
     1>Done Building Project "C:\Users\搞学习\Documents\__Project & Production\Graphics\Project\Project4CG\PathTracing-master\OriginalProject\OriginalProject.vcxproj" (Build target(s)).

Build succeeded.

Time Elapsed 00:00:10.01
