c:\users\搞学习\documents\__project & production\graphics\project\project4cg\pathtracing-master\originalproject\vc120.pdb
c:\users\搞学习\documents\__project & production\graphics\project\project4cg\pathtracing-master\originalproject\transform.obj
c:\users\搞学习\documents\__project & production\graphics\project\project4cg\pathtracing-master\originalproject\shapes.obj
c:\users\搞学习\documents\__project & production\graphics\project\project4cg\pathtracing-master\originalproject\shaders.obj
c:\users\搞学习\documents\__project & production\graphics\project\project4cg\pathtracing-master\originalproject\scene.obj
c:\users\搞学习\documents\__project & production\graphics\project\project4cg\pathtracing-master\originalproject\main.obj
c:\users\搞学习\documents\__project & production\graphics\project\project4cg\pathtracing-master\originalproject\light.obj
c:\users\搞学习\documents\__project & production\graphics\project\project4cg\pathtracing-master\originalproject\kdtree.obj
c:\users\搞学习\documents\__project & production\graphics\project\project4cg\pathtracing-master\originalproject\diffuse.obj
c:\users\搞学习\documents\__project & production\graphics\project\project4cg\pathtracing-master\originalproject\specular.obj
c:\users\搞学习\documents\__project & production\graphics\project\project4cg\pathtracing-master\originalproject\smoothglass.obj
c:\users\搞学习\documents\__project & production\graphics\project\project4cg\pathtracing-master\originalproject\cooktorrance.obj
c:\users\搞学习\documents\__project & production\graphics\project\project4cg\pathtracing-master\originalproject\aabb.obj
c:\users\搞学习\documents\__project & production\graphics\project\project4cg\pathtracing-master\originalproject\bvh.obj
c:\users\搞学习\documents\__project & production\graphics\project\project4cg\pathtracing-master\originalproject\frostedglass.obj
c:\users\搞学习\documents\__project & production\graphics\project\project4cg\pathtracing-master\originalproject\all.obj
c:\users\搞学习\documents\__project & production\graphics\project\project4cg\pathtracing-master\originalproject\release\originalproject.exe
c:\users\搞学习\documents\__project & production\graphics\project\project4cg\pathtracing-master\originalproject\release\originalproject.pdb
c:\users\搞学习\documents\__project & production\path_tracer_4cg\aabb.obj
c:\users\搞学习\documents\__project & production\path_tracer_4cg\all.obj
c:\users\搞学习\documents\__project & production\path_tracer_4cg\bvh.obj
c:\users\搞学习\documents\__project & production\path_tracer_4cg\cooktorrance.obj
c:\users\搞学习\documents\__project & production\path_tracer_4cg\diffuse.obj
c:\users\搞学习\documents\__project & production\path_tracer_4cg\frostedglass.obj
c:\users\搞学习\documents\__project & production\path_tracer_4cg\kdtree.obj
c:\users\搞学习\documents\__project & production\path_tracer_4cg\light.obj
c:\users\搞学习\documents\__project & production\path_tracer_4cg\main.obj
c:\users\搞学习\documents\__project & production\path_tracer_4cg\scene.obj
c:\users\搞学习\documents\__project & production\path_tracer_4cg\shaders.obj
c:\users\搞学习\documents\__project & production\path_tracer_4cg\shapes.obj
c:\users\搞学习\documents\__project & production\path_tracer_4cg\smoothglass.obj
c:\users\搞学习\documents\__project & production\path_tracer_4cg\specular.obj
c:\users\搞学习\documents\__project & production\path_tracer_4cg\transform.obj
c:\users\搞学习\documents\__project & production\path_tracer_4cg\vc120.pdb
c:\users\搞学习\documents\__project & production\path_tracer_4cg\release\originalproject.pdb
c:\users\搞学习\documents\__project & production\path_tracer_4cg\release\originalproject.exe
c:\users\搞学习\documents\__project & production\path_tracer_4cg\originalproject.tlog\cl.command.1.tlog
c:\users\搞学习\documents\__project & production\path_tracer_4cg\originalproject.tlog\cl.read.1.tlog
c:\users\搞学习\documents\__project & production\path_tracer_4cg\originalproject.tlog\cl.write.1.tlog
c:\users\搞学习\documents\__project & production\path_tracer_4cg\originalproject.tlog\link.command.1.tlog
c:\users\搞学习\documents\__project & production\path_tracer_4cg\originalproject.tlog\link.read.1.tlog
c:\users\搞学习\documents\__project & production\path_tracer_4cg\originalproject.tlog\link.write.1.tlog
